# JRE version: OpenJDK Runtime Environment Corretto-11.0.20.9.1 (11.0.20.1+9) (build 11.0.20.1+9-LTS)
# Java VM: OpenJDK 64-Bit Server VM Corretto-11.0.20.9.1 (11.0.20.1+9-LTS, mixed mode, tiered, compressed oops, g1 gc, windows-amd64)
Heap:
 garbage-first heap   total 78848K, used 40632K [0x00000000c0c00000, 0x0000000100000000)
  region size 1024K, 17 young (17408K), 5 survivors (5120K)
 Metaspace       used 25943K, capacity 26886K, committed 27008K, reserved 1073152K
  class space    used 2828K, capacity 3183K, committed 3200K, reserved 1048576K
GC Heap History (20 events):
Event: 1.285 GC heap before
{Heap before GC invocations=1 (full 0):
 garbage-first heap   total 65536K, used 40635K [0x00000000c0c00000, 0x0000000100000000)
  region size 1024K, 34 young (34816K), 2 survivors (2048K)
 Metaspace       used 12316K, capacity 12646K, committed 12928K, reserved 1060864K
  class space    used 1185K, capacity 1286K, committed 1408K, reserved 1048576K
}
Event: 1.293 GC heap after
{Heap after GC invocations=2 (full 0):
 garbage-first heap   total 65536K, used 12851K [0x00000000c0c00000, 0x0000000100000000)
  region size 1024K, 5 young (5120K), 5 survivors (5120K)
 Metaspace       used 12316K, capacity 12646K, committed 12928K, reserved 1060864K
  class space    used 1185K, capacity 1286K, committed 1408K, reserved 1048576K
}
Event: 1.493 GC heap before
{Heap before GC invocations=2 (full 0):
 garbage-first heap   total 65536K, used 22067K [0x00000000c0c00000, 0x0000000100000000)
  region size 1024K, 14 young (14336K), 5 survivors (5120K)
 Metaspace       used 13613K, capacity 14141K, committed 14464K, reserved 1062912K
  class space    used 1367K, capacity 1555K, committed 1664K, reserved 1048576K
}
Event: 1.500 GC heap after
{Heap after GC invocations=3 (full 0):
 garbage-first heap   total 65536K, used 13168K [0x00000000c0c00000, 0x0000000100000000)
  region size 1024K, 1 young (1024K), 1 survivors (1024K)
 Metaspace       used 13613K, capacity 14141K, committed 14464K, reserved 1062912K
  class space    used 1367K, capacity 1555K, committed 1664K, reserved 1048576K
}
Event: 2.262 GC heap before
{Heap before GC invocations=3 (full 0):
 garbage-first heap   total 65536K, used 34672K [0x00000000c0c00000, 0x0000000100000000)
  region size 1024K, 22 young (22528K), 1 survivors (1024K)
 Metaspace       used 17074K, capacity 17809K, committed 18048K, reserved 1064960K
  class space    used 1820K, capacity 2103K, committed 2176K, reserved 1048576K
}
Event: 2.266 GC heap after
{Heap after GC invocations=4 (full 0):
 garbage-first heap   total 65536K, used 13884K [0x00000000c0c00000, 0x0000000100000000)
  region size 1024K, 2 young (2048K), 2 survivors (2048K)
 Metaspace       used 17074K, capacity 17809K, committed 18048K, reserved 1064960K
  class space    used 1820K, capacity 2103K, committed 2176K, reserved 1048576K
}
Event: 2.788 GC heap before
{Heap before GC invocations=4 (full 0):
 garbage-first heap   total 65536K, used 37436K [0x00000000c0c00000, 0x0000000100000000)
  region size 1024K, 25 young (25600K), 2 survivors (2048K)
 Metaspace       used 19547K, capacity 20330K, committed 20608K, reserved 1067008K
  class space    used 2091K, capacity 2407K, committed 2432K, reserved 1048576K
}
Event: 2.792 GC heap after
{Heap after GC invocations=5 (full 0):
 garbage-first heap   total 65536K, used 14545K [0x00000000c0c00000, 0x0000000100000000)
  region size 1024K, 2 young (2048K), 2 survivors (2048K)
 Metaspace       used 19547K, capacity 20330K, committed 20608K, reserved 1067008K
  class space    used 2091K, capacity 2407K, committed 2432K, reserved 1048576K
}
Event: 2.903 GC heap before
{Heap before GC invocations=5 (full 0):
 garbage-first heap   total 65536K, used 29905K [0x00000000c0c00000, 0x0000000100000000)
  region size 1024K, 18 young (18432K), 2 survivors (2048K)
 Metaspace       used 20376K, capacity 21141K, committed 21248K, reserved 1069056K
  class space    used 2201K, capacity 2507K, committed 2560K, reserved 1048576K
}
Event: 2.907 GC heap after
{Heap after GC invocations=6 (full 0):
 garbage-first heap   total 65536K, used 14980K [0x00000000c0c00000, 0x0000000100000000)
  region size 1024K, 3 young (3072K), 3 survivors (3072K)
 Metaspace       used 20376K, capacity 21141K, committed 21248K, reserved 1069056K
  class space    used 2201K, capacity 2507K, committed 2560K, reserved 1048576K
}
Event: 3.161 GC heap before
{Heap before GC invocations=7 (full 0):
 garbage-first heap   total 65536K, used 39556K [0x00000000c0c00000, 0x0000000100000000)
  region size 1024K, 27 young (27648K), 3 survivors (3072K)
 Metaspace       used 22172K, capacity 23016K, committed 23296K, reserved 1069056K
  class space    used 2434K, capacity 2771K, committed 2816K, reserved 1048576K
}
Event: 3.165 GC heap after
{Heap after GC invocations=8 (full 0):
 garbage-first heap   total 65536K, used 15848K [0x00000000c0c00000, 0x0000000100000000)
  region size 1024K, 3 young (3072K), 3 survivors (3072K)
 Metaspace       used 22172K, capacity 23016K, committed 23296K, reserved 1069056K
  class space    used 2434K, capacity 2771K, committed 2816K, reserved 1048576K
}
Event: 3.394 GC heap before
{Heap before GC invocations=8 (full 0):
 garbage-first heap   total 65536K, used 41448K [0x00000000c0c00000, 0x0000000100000000)
  region size 1024K, 28 young (28672K), 3 survivors (3072K)
 Metaspace       used 23357K, capacity 24229K, committed 24448K, reserved 1071104K
  class space    used 2608K, capacity 2937K, committed 2944K, reserved 1048576K
}
Event: 3.399 GC heap after
{Heap after GC invocations=9 (full 0):
 garbage-first heap   total 65536K, used 16228K [0x00000000c0c00000, 0x0000000100000000)
  region size 1024K, 3 young (3072K), 3 survivors (3072K)
 Metaspace       used 23357K, capacity 24229K, committed 24448K, reserved 1071104K
  class space    used 2608K, capacity 2937K, committed 2944K, reserved 1048576K
}
Event: 3.729 GC heap before
{Heap before GC invocations=9 (full 0):
 garbage-first heap   total 65536K, used 41828K [0x00000000c0c00000, 0x0000000100000000)
  region size 1024K, 29 young (29696K), 3 survivors (3072K)
 Metaspace       used 25196K, capacity 26131K, committed 26240K, reserved 1073152K
  class space    used 2816K, capacity 3169K, committed 3200K, reserved 1048576K
}
Event: 3.734 GC heap after
{Heap after GC invocations=10 (full 0):
 garbage-first heap   total 78848K, used 18205K [0x00000000c0c00000, 0x0000000100000000)
  region size 1024K, 4 young (4096K), 4 survivors (4096K)
 Metaspace       used 25196K, capacity 26131K, committed 26240K, reserved 1073152K
  class space    used 2816K, capacity 3169K, committed 3200K, reserved 1048576K
}
Event: 4.206 GC heap before
{Heap before GC invocations=10 (full 0):
 garbage-first heap   total 78848K, used 49949K [0x00000000c0c00000, 0x0000000100000000)
  region size 1024K, 35 young (35840K), 4 survivors (4096K)
 Metaspace       used 25576K, capacity 26542K, committed 26752K, reserved 1073152K
  class space    used 2825K, capacity 3177K, committed 3200K, reserved 1048576K
}
Event: 4.216 GC heap after
{Heap after GC invocations=11 (full 0):
 garbage-first heap   total 78848K, used 24535K [0x00000000c0c00000, 0x0000000100000000)
  region size 1024K, 5 young (5120K), 5 survivors (5120K)
 Metaspace       used 25576K, capacity 26542K, committed 26752K, reserved 1073152K
  class space    used 2825K, capacity 3177K, committed 3200K, reserved 1048576K
}
Event: 4.691 GC heap before
{Heap before GC invocations=11 (full 0):
 garbage-first heap   total 78848K, used 54231K [0x00000000c0c00000, 0x0000000100000000)
  region size 1024K, 34 young (34816K), 5 survivors (5120K)
 Metaspace       used 25785K, capacity 26747K, committed 27008K, reserved 1073152K
  class space    used 2827K, capacity 3180K, committed 3200K, reserved 1048576K
}
Event: 4.700 GC heap after
{Heap after GC invocations=12 (full 0):
 garbage-first heap   total 78848K, used 29368K [0x00000000c0c00000, 0x0000000100000000)
  region size 1024K, 5 young (5120K), 5 survivors (5120K)
 Metaspace       used 25785K, capacity 26747K, committed 27008K, reserved 1073152K
  class space    used 2827K, capacity 3180K, committed 3200K, reserved 1048576K
}

